<?xml version="1.0" encoding="UTF-8"?>
<testng-results ignored="0" total="1" passed="1" failed="0" skipped="0">
  <reporter-output>
  </reporter-output>
  <suite started-at="2024-09-07T08:14:15 MYT" name="Suite1" finished-at="2024-09-07T08:14:29 MYT" duration-ms="13836">
    <groups>
    </groups>
    <test started-at="2024-09-07T08:14:15 MYT" name="loginPage" finished-at="2024-09-07T08:14:29 MYT" duration-ms="13836">
      <class name="Getcls">
        <test-method signature="localhost()[pri:0, instance:Getcls@3e62d773]" started-at="2024-09-07T08:14:15 MYT" name="localhost" finished-at="2024-09-07T08:14:29 MYT" duration-ms="13674" status="PASS">
          <reporter-output>
          </reporter-output>
        </test-method> <!-- localhost -->
      </class> <!-- Getcls -->
    </test> <!-- loginPage -->
  </suite> <!-- Suite1 -->
</testng-results>
